<?xml version="1.0" encoding="UTF-8"?>
<!-- Generated by org.testng.reporters.JUnitReportReporter -->
<testsuite hostname="Badawi" failures="0" tests="1" name="MobileTestingBadawi.UpScrolled" time="1.321" errors="0" timestamp="2025-09-17T19:16:17 EEST" skipped="0">
  <testcase classname="MobileTestingBadawi.UpScrolled" name="LoginClick" time="1.321"/>
</testsuite> <!-- MobileTestingBadawi.UpScrolled -->
